[debug] [2026-03-31T08:46:53.872Z] ----------------------------------------------------------------------
[debug] [2026-03-31T08:46:53.873Z] Command:       /Users/alexshipulin/.nvm/versions/node/v24.13.1/bin/node /Users/alexshipulin/.npm/_npx/ba4f1959e38407b5/node_modules/.bin/firebase init dataconnect --project demo-no-project
[debug] [2026-03-31T08:46:53.874Z] CLI Version:   15.12.0
[debug] [2026-03-31T08:46:53.874Z] Platform:      darwin
[debug] [2026-03-31T08:46:53.874Z] Node Version:  v24.13.1
[debug] [2026-03-31T08:46:53.874Z] Time:          Tue Mar 31 2026 16:46:53 GMT+0800 (Central Indonesia Time)
[debug] [2026-03-31T08:46:53.874Z] ----------------------------------------------------------------------
[debug] 
[debug] [2026-03-31T08:46:53.875Z] >>> [apiv2][query] GET https://firebase-public.firebaseio.com/cli.json [none]
[info] 
     ######## #### ########  ######## ########     ###     ######  ########
     ##        ##  ##     ## ##       ##     ##  ##   ##  ##       ##
     ######    ##  ########  ######   ########  #########  ######  ######
     ##        ##  ##    ##  ##       ##     ## ##     ##       ## ##
     ##       #### ##     ## ######## ########  ##     ##  ######  ########

You're about to initialize a Firebase project in this directory:

  /Users/alexshipulin/Desktop/Vault

[info] 
=== Project Setup
[info] 
[info] First, let's associate this project directory with a Firebase project.
[info] You can create multiple project aliases by running firebase use --add, 
[info] 
[info] Skipping Firebase project setup because a demo project is provided
[info] 
=== Dataconnect Setup
[warn] ⚠  dataconnect: Cannot detect an existing app in the current directory. 
[debug] [2026-03-31T08:46:55.409Z] <<< [apiv2][status] GET https://firebase-public.firebaseio.com/cli.json 200
[debug] [2026-03-31T08:46:55.409Z] <<< [apiv2][body] GET https://firebase-public.firebaseio.com/cli.json {"cloudBuildErrorAfter":1594252800000,"cloudBuildWarnAfter":1590019200000,"defaultNode10After":1594252800000,"minVersion":"3.0.5","node8DeploysDisabledAfter":1613390400000,"node8RuntimeDisabledAfter":1615809600000,"node8WarnAfter":1600128000000}
[debug] [2026-03-31T08:47:05.501Z] ExitPromptError: User force closed the prompt with SIGINT
    at Interface.sigint (/Users/alexshipulin/.npm/_npx/ba4f1959e38407b5/node_modules/@inquirer/core/dist/commonjs/lib/create-prompt.js:101:37)
    at Interface.emit (node:events:508:28)
    at [_ttyWrite] [as _ttyWrite] (node:internal/readline/interface:1327:18)
    at ReadStream.onkeypress (node:internal/readline/interface:284:20)
    at ReadStream.emit (node:events:520:35)
    at emitKeys (node:internal/readline/utils:371:14)
    at emitKeys.next (<anonymous>)
    at ReadStream.onData (node:internal/readline/emitKeypressEvents:64:36)
    at ReadStream.emit (node:events:508:28)
    at addChunk (node:internal/streams/readable:559:12)
[error] 
[error] Error: An unexpected error has occurred.
